<?xml version="1.0" encoding="UTF-8"?>
<!-- Generated by org.testng.reporters.JUnitReportReporter -->
<testsuite hostname="LAPTOP-52KAV6VB" failures="0" tests="3" name="com.testcases.LoginTest" time="175.210" errors="0" timestamp="2022-11-29T15:37:08 IST" skipped="0">
  <testcase classname="com.testcases.LoginTest" name="loginPageTitleTest" time="56.525"/>
  <system-out/>
  <testcase classname="com.testcases.LoginTest" name="crmLogoImageTest" time="66.704"/>
  <system-out/>
  <testcase classname="com.testcases.LoginTest" name="FLOlogin" time="51.981"/>
  <system-out/>
</testsuite> <!-- com.testcases.LoginTest -->
